2024-06-27 22:52:44,346 - main_books - INFO - Starting to get a book using filter.
2024-06-27 22:54:03,928 - main_books - INFO - Starting to get a book using filter.
2024-06-27 22:54:03,929 - main_books - INFO - Checking with book id.
2024-06-27 22:58:44,845 - main_books - INFO - Starting to get a book using filter.
2024-06-27 22:58:44,845 - main_books - INFO - Checking with book isbn.
2024-06-27 23:00:21,539 - main_books - INFO - Starting to get a book using filter.
2024-06-27 23:00:21,539 - main_books - INFO - Checking with book isbn.
2024-06-27 23:05:28,250 - main_books - INFO - Starting to get a book using filter.
2024-06-27 23:05:28,250 - main_books - INFO - Checking with book isbn.
2024-06-27 23:07:31,461 - main_books - INFO - Starting to get a book using filter.
2024-06-27 23:07:31,462 - main_books - INFO - Checking with book isbn.
2024-06-27 23:07:31,464 - main_books - ERROR - Traceback (most recent call last):
  File "/home/yash/MyWorkSpace/learning/python3/rest_api/main_books.py", line 62, in get_book
    responseEntity.id = response.id
                        ^^^^^^^^^^^
AttributeError: 'Query' object has no attribute 'id'

2024-06-27 23:08:46,911 - main_books - INFO - Starting to get a book using filter.
2024-06-27 23:08:46,911 - main_books - INFO - Checking with book isbn.
2024-06-27 23:08:46,914 - main_books - ERROR - Traceback (most recent call last):
  File "/home/yash/MyWorkSpace/learning/python3/rest_api/main_books.py", line 67, in get_book
    prnit(type(response))
    ^^^^^
NameError: name 'prnit' is not defined. Did you mean: 'print'?

2024-06-27 23:09:18,183 - main_books - INFO - Starting to get a book using filter.
2024-06-27 23:09:18,183 - main_books - INFO - Checking with book isbn.
2024-06-27 23:10:28,982 - main_books - INFO - Starting to get a book using filter.
2024-06-27 23:10:28,983 - main_books - INFO - Checking with book isbn.
2024-06-27 23:11:35,154 - main_books - INFO - Starting to get a book using filter.
2024-06-27 23:11:35,154 - main_books - INFO - Checking with book isbn.
2024-06-27 23:13:06,894 - main_books - INFO - Starting to get a book using filter.
2024-06-27 23:13:06,894 - main_books - INFO - Checking with book isbn.
2024-06-27 23:13:38,510 - main_books - INFO - Starting to get a book using filter.
2024-06-27 23:13:38,511 - main_books - INFO - Checking with book isbn.
